{"C:\\Users\\Usuario\\Desktop\\laboratorio-react-4U2PUYD\\src\\components\\index.jsx": {"path":"C:\\Users\\Usuario\\Desktop\\laboratorio-react-4U2PUYD\\src\\components\\index.jsx","statementMap":{},"fnMap":{},"branchMap":{},"s":{},"f":{},"b":{},"meta":{"lastBranch":0,"lastFunction":0,"lastStatement":0,"seen":{},"fnNames":{}}}
,"C:\\Users\\Usuario\\Desktop\\laboratorio-react-4U2PUYD\\src\\components\\concepto-card\\concepto-card.jsx": {"path":"C:\\Users\\Usuario\\Desktop\\laboratorio-react-4U2PUYD\\src\\components\\concepto-card\\concepto-card.jsx","statementMap":{"0":{"start":{"line":4,"column":13},"end":{"line":12,"column":null}},"1":{"start":{"line":5,"column":4},"end":{"line":10,"column":null}},"2":{"start":{"line":14,"column":0},"end":{"line":18,"column":null}}},"fnMap":{"0":{"name":"(anonymous_0)","decl":{"start":{"line":4,"column":13},"end":{"line":4,"column":29}},"loc":{"start":{"line":4,"column":65},"end":{"line":12,"column":null}},"line":4}},"branchMap":{},"s":{"0":2,"1":1,"2":2},"f":{"0":1},"b":{},"meta":{"lastBranch":0,"lastFunction":1,"lastStatement":3,"seen":{"s:4:13:12:Infinity":0,"f:4:13:4:29":0,"s:5:4:10:Infinity":1,"s:14:0:18:Infinity":2},"fnNames":{}}}
,"C:\\Users\\Usuario\\Desktop\\laboratorio-react-4U2PUYD\\src\\components\\concepto-card\\concepto-card.module.css": {"path":"C:\\Users\\Usuario\\Desktop\\laboratorio-react-4U2PUYD\\src\\components\\concepto-card\\concepto-card.module.css","statementMap":{},"fnMap":{},"branchMap":{},"s":{},"f":{},"b":{},"meta":{"lastBranch":0,"lastFunction":0,"lastStatement":0,"seen":{},"fnNames":{}}}
,"C:\\Users\\Usuario\\Desktop\\laboratorio-react-4U2PUYD\\src\\components\\concepto-card\\index.jsx": {"path":"C:\\Users\\Usuario\\Desktop\\laboratorio-react-4U2PUYD\\src\\components\\concepto-card\\index.jsx","statementMap":{},"fnMap":{},"branchMap":{},"s":{},"f":{},"b":{},"meta":{"lastBranch":0,"lastFunction":0,"lastStatement":0,"seen":{},"fnNames":{}}}
,"C:\\Users\\Usuario\\Desktop\\laboratorio-react-4U2PUYD\\src\\components\\footer\\footer.jsx": {"path":"C:\\Users\\Usuario\\Desktop\\laboratorio-react-4U2PUYD\\src\\components\\footer\\footer.jsx","statementMap":{"0":{"start":{"line":4,"column":13},"end":{"line":12,"column":null}},"1":{"start":{"line":5,"column":23},"end":{"line":5,"column":null}},"2":{"start":{"line":7,"column":4},"end":{"line":10,"column":null}}},"fnMap":{"0":{"name":"(anonymous_0)","decl":{"start":{"line":4,"column":13},"end":{"line":4,"column":28}},"loc":{"start":{"line":4,"column":28},"end":{"line":12,"column":null}},"line":4}},"branchMap":{},"s":{"0":3,"1":2,"2":2},"f":{"0":2},"b":{},"meta":{"lastBranch":0,"lastFunction":1,"lastStatement":3,"seen":{"s:4:13:12:Infinity":0,"f:4:13:4:28":0,"s:5:23:5:Infinity":1,"s:7:4:10:Infinity":2},"fnNames":{}}}
,"C:\\Users\\Usuario\\Desktop\\laboratorio-react-4U2PUYD\\src\\components\\footer\\footer.module.css": {"path":"C:\\Users\\Usuario\\Desktop\\laboratorio-react-4U2PUYD\\src\\components\\footer\\footer.module.css","statementMap":{},"fnMap":{},"branchMap":{},"s":{},"f":{},"b":{},"meta":{"lastBranch":0,"lastFunction":0,"lastStatement":0,"seen":{},"fnNames":{}}}
,"C:\\Users\\Usuario\\Desktop\\laboratorio-react-4U2PUYD\\src\\components\\footer\\index.jsx": {"path":"C:\\Users\\Usuario\\Desktop\\laboratorio-react-4U2PUYD\\src\\components\\footer\\index.jsx","statementMap":{},"fnMap":{},"branchMap":{},"s":{},"f":{},"b":{},"meta":{"lastBranch":0,"lastFunction":0,"lastStatement":0,"seen":{},"fnNames":{}}}
,"C:\\Users\\Usuario\\Desktop\\laboratorio-react-4U2PUYD\\src\\components\\header\\header.jsx": {"path":"C:\\Users\\Usuario\\Desktop\\laboratorio-react-4U2PUYD\\src\\components\\header\\header.jsx","statementMap":{"0":{"start":{"line":5,"column":13},"end":{"line":17,"column":null}},"1":{"start":{"line":6,"column":4},"end":{"line":15,"column":null}}},"fnMap":{"0":{"name":"(anonymous_0)","decl":{"start":{"line":5,"column":13},"end":{"line":5,"column":28}},"loc":{"start":{"line":5,"column":28},"end":{"line":17,"column":null}},"line":5}},"branchMap":{},"s":{"0":3,"1":2},"f":{"0":2},"b":{},"meta":{"lastBranch":0,"lastFunction":1,"lastStatement":2,"seen":{"s:5:13:17:Infinity":0,"f:5:13:5:28":0,"s:6:4:15:Infinity":1},"fnNames":{}}}
,"C:\\Users\\Usuario\\Desktop\\laboratorio-react-4U2PUYD\\src\\components\\header\\header.module.css": {"path":"C:\\Users\\Usuario\\Desktop\\laboratorio-react-4U2PUYD\\src\\components\\header\\header.module.css","statementMap":{},"fnMap":{},"branchMap":{},"s":{},"f":{},"b":{},"meta":{"lastBranch":0,"lastFunction":0,"lastStatement":0,"seen":{},"fnNames":{}}}
,"C:\\Users\\Usuario\\Desktop\\laboratorio-react-4U2PUYD\\src\\components\\header\\index.jsx": {"path":"C:\\Users\\Usuario\\Desktop\\laboratorio-react-4U2PUYD\\src\\components\\header\\index.jsx","statementMap":{},"fnMap":{},"branchMap":{},"s":{},"f":{},"b":{},"meta":{"lastBranch":0,"lastFunction":0,"lastStatement":0,"seen":{},"fnNames":{}}}
,"C:\\Users\\Usuario\\Desktop\\laboratorio-react-4U2PUYD\\src\\components\\layout\\index.jsx": {"path":"C:\\Users\\Usuario\\Desktop\\laboratorio-react-4U2PUYD\\src\\components\\layout\\index.jsx","statementMap":{},"fnMap":{},"branchMap":{},"s":{},"f":{},"b":{},"meta":{"lastBranch":0,"lastFunction":0,"lastStatement":0,"seen":{},"fnNames":{}}}
,"C:\\Users\\Usuario\\Desktop\\laboratorio-react-4U2PUYD\\src\\components\\layout\\layout.jsx": {"path":"C:\\Users\\Usuario\\Desktop\\laboratorio-react-4U2PUYD\\src\\components\\layout\\layout.jsx","statementMap":{"0":{"start":{"line":5,"column":13},"end":{"line":15,"column":null}},"1":{"start":{"line":6,"column":4},"end":{"line":13,"column":null}}},"fnMap":{"0":{"name":"(anonymous_0)","decl":{"start":{"line":5,"column":13},"end":{"line":5,"column":23}},"loc":{"start":{"line":5,"column":40},"end":{"line":15,"column":null}},"line":5}},"branchMap":{},"s":{"0":2,"1":1},"f":{"0":1},"b":{},"meta":{"lastBranch":0,"lastFunction":1,"lastStatement":2,"seen":{"s:5:13:15:Infinity":0,"f:5:13:5:23":0,"s:6:4:13:Infinity":1},"fnNames":{}}}
,"C:\\Users\\Usuario\\Desktop\\laboratorio-react-4U2PUYD\\src\\components\\layout\\layout.module.css": {"path":"C:\\Users\\Usuario\\Desktop\\laboratorio-react-4U2PUYD\\src\\components\\layout\\layout.module.css","statementMap":{},"fnMap":{},"branchMap":{},"s":{},"f":{},"b":{},"meta":{"lastBranch":0,"lastFunction":0,"lastStatement":0,"seen":{},"fnNames":{}}}
,"C:\\Users\\Usuario\\Desktop\\laboratorio-react-4U2PUYD\\src\\components\\materia-item\\index.jsx": {"path":"C:\\Users\\Usuario\\Desktop\\laboratorio-react-4U2PUYD\\src\\components\\materia-item\\index.jsx","statementMap":{},"fnMap":{},"branchMap":{},"s":{},"f":{},"b":{},"meta":{"lastBranch":0,"lastFunction":0,"lastStatement":0,"seen":{},"fnNames":{}}}
,"C:\\Users\\Usuario\\Desktop\\laboratorio-react-4U2PUYD\\src\\components\\materia-item\\materia-item.jsx": {"path":"C:\\Users\\Usuario\\Desktop\\laboratorio-react-4U2PUYD\\src\\components\\materia-item\\materia-item.jsx","statementMap":{"0":{"start":{"line":4,"column":13},"end":{"line":14,"column":null}},"1":{"start":{"line":5,"column":4},"end":{"line":12,"column":null}},"2":{"start":{"line":16,"column":0},"end":{"line":20,"column":null}}},"fnMap":{"0":{"name":"(anonymous_0)","decl":{"start":{"line":4,"column":13},"end":{"line":4,"column":28}},"loc":{"start":{"line":4,"column":62},"end":{"line":14,"column":null}},"line":4}},"branchMap":{},"s":{"0":2,"1":1,"2":2},"f":{"0":1},"b":{},"meta":{"lastBranch":0,"lastFunction":1,"lastStatement":3,"seen":{"s:4:13:14:Infinity":0,"f:4:13:4:28":0,"s:5:4:12:Infinity":1,"s:16:0:20:Infinity":2},"fnNames":{}}}
,"C:\\Users\\Usuario\\Desktop\\laboratorio-react-4U2PUYD\\src\\components\\materia-item\\materia-item.module.css": {"path":"C:\\Users\\Usuario\\Desktop\\laboratorio-react-4U2PUYD\\src\\components\\materia-item\\materia-item.module.css","statementMap":{},"fnMap":{},"branchMap":{},"s":{},"f":{},"b":{},"meta":{"lastBranch":0,"lastFunction":0,"lastStatement":0,"seen":{},"fnNames":{}}}
,"C:\\Users\\Usuario\\Desktop\\laboratorio-react-4U2PUYD\\src\\components\\personaje-card\\index.jsx": {"path":"C:\\Users\\Usuario\\Desktop\\laboratorio-react-4U2PUYD\\src\\components\\personaje-card\\index.jsx","statementMap":{},"fnMap":{},"branchMap":{},"s":{},"f":{},"b":{},"meta":{"lastBranch":0,"lastFunction":0,"lastStatement":0,"seen":{},"fnNames":{}}}
,"C:\\Users\\Usuario\\Desktop\\laboratorio-react-4U2PUYD\\src\\components\\personaje-card\\personaje-card.jsx": {"path":"C:\\Users\\Usuario\\Desktop\\laboratorio-react-4U2PUYD\\src\\components\\personaje-card\\personaje-card.jsx","statementMap":{"0":{"start":{"line":4,"column":13},"end":{"line":12,"column":null}},"1":{"start":{"line":5,"column":4},"end":{"line":10,"column":null}},"2":{"start":{"line":14,"column":0},"end":{"line":18,"column":null}}},"fnMap":{"0":{"name":"(anonymous_0)","decl":{"start":{"line":4,"column":13},"end":{"line":4,"column":30}},"loc":{"start":{"line":4,"column":61},"end":{"line":12,"column":null}},"line":4}},"branchMap":{},"s":{"0":2,"1":3,"2":2},"f":{"0":3},"b":{},"meta":{"lastBranch":0,"lastFunction":1,"lastStatement":3,"seen":{"s:4:13:12:Infinity":0,"f:4:13:4:30":0,"s:5:4:10:Infinity":1,"s:14:0:18:Infinity":2},"fnNames":{}}}
,"C:\\Users\\Usuario\\Desktop\\laboratorio-react-4U2PUYD\\src\\components\\personaje-card\\personaje-card.module.css": {"path":"C:\\Users\\Usuario\\Desktop\\laboratorio-react-4U2PUYD\\src\\components\\personaje-card\\personaje-card.module.css","statementMap":{},"fnMap":{},"branchMap":{},"s":{},"f":{},"b":{},"meta":{"lastBranch":0,"lastFunction":0,"lastStatement":0,"seen":{},"fnNames":{}}}
,"C:\\Users\\Usuario\\Desktop\\laboratorio-react-4U2PUYD\\src\\pages\\personajes\\personajes.jsx": {"path":"C:\\Users\\Usuario\\Desktop\\laboratorio-react-4U2PUYD\\src\\pages\\personajes\\personajes.jsx","statementMap":{"0":{"start":{"line":6,"column":13},"end":{"line":36,"column":null}},"1":{"start":{"line":7,"column":23},"end":{"line":7,"column":null}},"2":{"start":{"line":9,"column":4},"end":{"line":15,"column":null}},"3":{"start":{"line":10,"column":33},"end":{"line":13,"column":null}},"4":{"start":{"line":11,"column":25},"end":{"line":11,"column":null}},"5":{"start":{"line":12,"column":12},"end":{"line":12,"column":null}},"6":{"start":{"line":14,"column":8},"end":{"line":14,"column":null}},"7":{"start":{"line":17,"column":4},"end":{"line":34,"column":null}},"8":{"start":{"line":26,"column":20},"end":{"line":31,"column":null}}},"fnMap":{"0":{"name":"(anonymous_0)","decl":{"start":{"line":6,"column":13},"end":{"line":6,"column":36}},"loc":{"start":{"line":6,"column":36},"end":{"line":36,"column":null}},"line":6},"1":{"name":"(anonymous_1)","decl":{"start":{"line":9,"column":4},"end":{"line":9,"column":20}},"loc":{"start":{"line":9,"column":20},"end":{"line":15,"column":7}},"line":9},"2":{"name":"(anonymous_2)","decl":{"start":{"line":10,"column":33},"end":{"line":10,"column":45}},"loc":{"start":{"line":10,"column":45},"end":{"line":13,"column":null}},"line":10},"3":{"name":"(anonymous_3)","decl":{"start":{"line":25,"column":28},"end":{"line":25,"column":32}},"loc":{"start":{"line":26,"column":20},"end":{"line":31,"column":null}},"line":26}},"branchMap":{},"s":{"0":1,"1":2,"2":2,"3":1,"4":1,"5":1,"6":1,"7":2,"8":2},"f":{"0":2,"1":1,"2":1,"3":2},"b":{},"meta":{"lastBranch":0,"lastFunction":4,"lastStatement":9,"seen":{"s:6:13:36:Infinity":0,"f:6:13:6:36":0,"s:7:23:7:Infinity":1,"s:9:4:15:Infinity":2,"f:9:4:9:20":1,"s:10:33:13:Infinity":3,"f:10:33:10:45":2,"s:11:25:11:Infinity":4,"s:12:12:12:Infinity":5,"s:14:8:14:Infinity":6,"s:17:4:34:Infinity":7,"f:25:28:25:32":3,"s:26:20:31:Infinity":8},"fnNames":{}}}
,"C:\\Users\\Usuario\\Desktop\\laboratorio-react-4U2PUYD\\src\\pages\\personajes\\personajes.module.css": {"path":"C:\\Users\\Usuario\\Desktop\\laboratorio-react-4U2PUYD\\src\\pages\\personajes\\personajes.module.css","statementMap":{},"fnMap":{},"branchMap":{},"s":{},"f":{},"b":{},"meta":{"lastBranch":0,"lastFunction":0,"lastStatement":0,"seen":{},"fnNames":{}}}
,"C:\\Users\\Usuario\\Desktop\\laboratorio-react-4U2PUYD\\src\\services\\rick-and-morty-service.js": {"path":"C:\\Users\\Usuario\\Desktop\\laboratorio-react-4U2PUYD\\src\\services\\rick-and-morty-service.js","statementMap":{"0":{"start":{"line":1,"column":17},"end":{"line":1,"column":null}},"1":{"start":{"line":3,"column":33},"end":{"line":19,"column":null}},"2":{"start":{"line":4,"column":4},"end":{"line":18,"column":null}},"3":{"start":{"line":5,"column":39},"end":{"line":8,"column":null}},"4":{"start":{"line":10,"column":22},"end":{"line":10,"column":null}},"5":{"start":{"line":11,"column":22},"end":{"line":11,"column":null}},"6":{"start":{"line":13,"column":35},"end":{"line":13,"column":null}},"7":{"start":{"line":14,"column":8},"end":{"line":14,"column":null}},"8":{"start":{"line":16,"column":8},"end":{"line":16,"column":null}},"9":{"start":{"line":17,"column":8},"end":{"line":17,"column":null}}},"fnMap":{"0":{"name":"(anonymous_0)","decl":{"start":{"line":3,"column":33},"end":{"line":3,"column":45}},"loc":{"start":{"line":3,"column":45},"end":{"line":19,"column":null}},"line":3}},"branchMap":{},"s":{"0":1,"1":1,"2":1,"3":1,"4":1,"5":1,"6":1,"7":1,"8":0,"9":0},"f":{"0":1},"b":{},"meta":{"lastBranch":0,"lastFunction":1,"lastStatement":10,"seen":{"s:1:17:1:Infinity":0,"s:3:33:19:Infinity":1,"f:3:33:3:45":0,"s:4:4:18:Infinity":2,"s:5:39:8:Infinity":3,"s:10:22:10:Infinity":4,"s:11:22:11:Infinity":5,"s:13:35:13:Infinity":6,"s:14:8:14:Infinity":7,"s:16:8:16:Infinity":8,"s:17:8:17:Infinity":9},"fnNames":{}}}
}
